  [4;36;1mSQL (0.009856)[0m   [0;1mselect sqlite_version(*)[0m
  [4;35;1mSQL (0.002860)[0m   [0mCREATE TABLE schema_info (version integer)[0m
  [4;36;1mSQL (0.002127)[0m   [0;1mINSERT INTO schema_info (version) VALUES(0)[0m
  [4;35;1mSQL (0.000000)[0m   [0mSQLite3::SQLException: table schema_info already exists: CREATE TABLE schema_info (version integer)[0m
  [4;36;1mSQL (0.000430)[0m   [0;1mSELECT version FROM schema_info[0m
Migrating to CreateUsers (1)
  [4;35;1mSQL (0.000000)[0m   [0mSQLite3::SQLException: no such table: users: DROP TABLE users[0m
  [4;36;1mSQL (0.002200)[0m   [0;1mCREATE TABLE users ("id" INTEGER PRIMARY KEY AUTOINCREMENT NOT NULL, "login" varchar(255) DEFAULT NULL, "email" varchar(255) DEFAULT NULL, "crypted_password" varchar(40) DEFAULT NULL, "salt" varchar(40) DEFAULT NULL, "created_at" datetime DEFAULT NULL, "updated_at" datetime DEFAULT NULL, "remember_token" varchar(255) DEFAULT NULL, "remember_token_expires_at" datetime DEFAULT NULL) [0m
  [4;35;1mSQL (0.002589)[0m   [0mUPDATE schema_info SET version = 1[0m
  [4;36;1mSQL (0.000397)[0m   [0;1mSELECT * FROM schema_info[0m
  [4;35;1mSQL (0.000350)[0m   [0m SELECT name
 FROM sqlite_master
 WHERE type = 'table' AND NOT name = 'sqlite_sequence'
[0m
  [4;36;1mSQL (0.000112)[0m   [0;1mPRAGMA index_list(users)[0m


Processing SessionsController#new (for 127.0.0.1 at 2007-12-24 16:08:33) [GET]
  Session ID: c5db2a3b364bf1fc18fe38007b2bcd66
  Parameters: {"action"=>"new", "controller"=>"sessions"}
Rendering sessions/new
Completed in 0.00561 (178 reqs/sec) | Rendering: 0.00314 (56%) | DB: 0.00000 (0%) | 200 OK [http://localhost/login]


Processing UsersController#new (for 127.0.0.1 at 2007-12-24 16:08:38) [GET]
  Session ID: BAh7BzoMY3NyZl9pZCIlNGI4NzdhZTdhYzQ0YzY1MjQzYWQ0OTQ2Y2JmMDY0%0AODUiCmZsYXNoSUM6J0FjdGlvbkNvbnRyb2xsZXI6OkZsYXNoOjpGbGFzaEhh%0Ac2h7AAY6CkB1c2VkewA%3D--8c722a8e171230514d6e4b0f8abe824c5fb2b840
  Parameters: {"action"=>"new", "controller"=>"users"}
Rendering users/new


ActionView::TemplateError (undefined local variable or method `users_path' for #<ActionView::Base:0x193dbe4>) on line #2 of users/new.rhtml:
1: <%= error_messages_for :user %>
2: <% form_for :user, :url => users_path do |f| -%>
3: <p><label for="login">Login</label><br/>
4: <%= f.text_field :login %></p>
5: 

    app/views/users/new.rhtml:2:in `_run_erb_47app47views47users47new46rhtml'
    /Library/Ruby/Gems/1.8/gems/actionpack-2.0.2/lib/action_view/base.rb:637:in `send'
    /Library/Ruby/Gems/1.8/gems/actionpack-2.0.2/lib/action_view/base.rb:637:in `compile_and_render_template'
    /Library/Ruby/Gems/1.8/gems/actionpack-2.0.2/lib/action_view/base.rb:365:in `render_template'
    /Library/Ruby/Gems/1.8/gems/actionpack-2.0.2/lib/action_view/base.rb:316:in `render_file'
    /Library/Ruby/Gems/1.8/gems/actionpack-2.0.2/lib/action_controller/base.rb:1100:in `render_for_file'
    /Library/Ruby/Gems/1.8/gems/actionpack-2.0.2/lib/action_controller/base.rb:836:in `render_with_no_layout'
    /Library/Ruby/Gems/1.8/gems/actionpack-2.0.2/lib/action_controller/layout.rb:270:in `render_without_benchmark'
    /Library/Ruby/Gems/1.8/gems/actionpack-2.0.2/lib/action_controller/benchmarking.rb:51:in `render'
    /System/Library/Frameworks/Ruby.framework/Versions/1.8/usr/lib/ruby/1.8/benchmark.rb:293:in `measure'
    /Library/Ruby/Gems/1.8/gems/actionpack-2.0.2/lib/action_controller/benchmarking.rb:51:in `render'
    /Library/Ruby/Gems/1.8/gems/actionpack-2.0.2/lib/action_controller/base.rb:1153:in `default_render'
    /Library/Ruby/Gems/1.8/gems/actionpack-2.0.2/lib/action_controller/base.rb:1159:in `perform_action_without_filters'
    /Library/Ruby/Gems/1.8/gems/actionpack-2.0.2/lib/action_controller/filters.rb:697:in `call_filters'
    /Library/Ruby/Gems/1.8/gems/actionpack-2.0.2/lib/action_controller/filters.rb:689:in `perform_action_without_benchmark'
    /Library/Ruby/Gems/1.8/gems/actionpack-2.0.2/lib/action_controller/benchmarking.rb:68:in `perform_action_without_rescue'
    /System/Library/Frameworks/Ruby.framework/Versions/1.8/usr/lib/ruby/1.8/benchmark.rb:293:in `measure'
    /Library/Ruby/Gems/1.8/gems/actionpack-2.0.2/lib/action_controller/benchmarking.rb:68:in `perform_action_without_rescue'
    /Library/Ruby/Gems/1.8/gems/actionpack-2.0.2/lib/action_controller/rescue.rb:199:in `perform_action_without_caching'
    /Library/Ruby/Gems/1.8/gems/actionpack-2.0.2/lib/action_controller/caching.rb:678:in `perform_action'
    /Library/Ruby/Gems/1.8/gems/activerecord-2.0.2/lib/active_record/connection_adapters/abstract/query_cache.rb:33:in `cache'
    /Library/Ruby/Gems/1.8/gems/activerecord-2.0.2/lib/active_record/query_cache.rb:8:in `cache'
    /Library/Ruby/Gems/1.8/gems/actionpack-2.0.2/lib/action_controller/caching.rb:677:in `perform_action'
    /Library/Ruby/Gems/1.8/gems/actionpack-2.0.2/lib/action_controller/base.rb:524:in `send'
    /Library/Ruby/Gems/1.8/gems/actionpack-2.0.2/lib/action_controller/base.rb:524:in `process_without_filters'
    /Library/Ruby/Gems/1.8/gems/actionpack-2.0.2/lib/action_controller/filters.rb:685:in `process_without_session_management_support'
    /Library/Ruby/Gems/1.8/gems/actionpack-2.0.2/lib/action_controller/session_management.rb:123:in `process'
    /Library/Ruby/Gems/1.8/gems/actionpack-2.0.2/lib/action_controller/base.rb:388:in `process'
    /Library/Ruby/Gems/1.8/gems/actionpack-2.0.2/lib/action_controller/dispatcher.rb:171:in `handle_request'
    /Library/Ruby/Gems/1.8/gems/actionpack-2.0.2/lib/action_controller/dispatcher.rb:115:in `dispatch'
    /Library/Ruby/Gems/1.8/gems/actionpack-2.0.2/lib/action_controller/dispatcher.rb:126:in `dispatch_cgi'
    /Library/Ruby/Gems/1.8/gems/actionpack-2.0.2/lib/action_controller/dispatcher.rb:9:in `dispatch'
    /Library/Ruby/Gems/1.8/gems/mongrel-1.1.2/lib/mongrel/rails.rb:76:in `process'
    /Library/Ruby/Gems/1.8/gems/mongrel-1.1.2/lib/mongrel/rails.rb:74:in `synchronize'
    /Library/Ruby/Gems/1.8/gems/mongrel-1.1.2/lib/mongrel/rails.rb:74:in `process'
    /Library/Ruby/Gems/1.8/gems/mongrel-1.1.2/lib/mongrel.rb:159:in `process_client'
    /Library/Ruby/Gems/1.8/gems/mongrel-1.1.2/lib/mongrel.rb:158:in `each'
    /Library/Ruby/Gems/1.8/gems/mongrel-1.1.2/lib/mongrel.rb:158:in `process_client'
    /Library/Ruby/Gems/1.8/gems/mongrel-1.1.2/lib/mongrel.rb:285:in `run'
    /Library/Ruby/Gems/1.8/gems/mongrel-1.1.2/lib/mongrel.rb:285:in `initialize'
    /Library/Ruby/Gems/1.8/gems/mongrel-1.1.2/lib/mongrel.rb:285:in `new'
    /Library/Ruby/Gems/1.8/gems/mongrel-1.1.2/lib/mongrel.rb:285:in `run'
    /Library/Ruby/Gems/1.8/gems/mongrel-1.1.2/lib/mongrel.rb:268:in `initialize'
    /Library/Ruby/Gems/1.8/gems/mongrel-1.1.2/lib/mongrel.rb:268:in `new'
    /Library/Ruby/Gems/1.8/gems/mongrel-1.1.2/lib/mongrel.rb:268:in `run'
    /Library/Ruby/Gems/1.8/gems/mongrel-1.1.2/lib/mongrel/configurator.rb:282:in `run'
    /Library/Ruby/Gems/1.8/gems/mongrel-1.1.2/lib/mongrel/configurator.rb:281:in `each'
    /Library/Ruby/Gems/1.8/gems/mongrel-1.1.2/lib/mongrel/configurator.rb:281:in `run'
    /Library/Ruby/Gems/1.8/gems/mongrel-1.1.2/bin/mongrel_rails:128:in `run'
    /Library/Ruby/Gems/1.8/gems/mongrel-1.1.2/lib/mongrel/command.rb:212:in `run'
    /Library/Ruby/Gems/1.8/gems/mongrel-1.1.2/bin/mongrel_rails:281
    /usr/bin/mongrel_rails:19:in `load'
    /usr/bin/mongrel_rails:19

Rendering /Library/Ruby/Gems/1.8/gems/actionpack-2.0.2/lib/action_controller/templates/rescues/layout.erb (internal_server_error)


Processing UsersController#new (for 127.0.0.1 at 2007-12-24 16:08:55) [GET]
  Session ID: BAh7BzoMY3NyZl9pZCIlNGI4NzdhZTdhYzQ0YzY1MjQzYWQ0OTQ2Y2JmMDY0%0AODUiCmZsYXNoSUM6J0FjdGlvbkNvbnRyb2xsZXI6OkZsYXNoOjpGbGFzaEhh%0Ac2h7AAY6CkB1c2VkewA%3D--8c722a8e171230514d6e4b0f8abe824c5fb2b840
  Parameters: {"action"=>"new", "controller"=>"users"}
Rendering users/new
Completed in 0.00452 (221 reqs/sec) | Rendering: 0.00194 (42%) | DB: 0.00000 (0%) | 200 OK [http://localhost/signup]


Processing UsersController#new (for 127.0.0.1 at 2007-12-24 16:10:57) [GET]
  Session ID: BAh7BzoMY3NyZl9pZCIlNGI4NzdhZTdhYzQ0YzY1MjQzYWQ0OTQ2Y2JmMDY0%0AODUiCmZsYXNoSUM6J0FjdGlvbkNvbnRyb2xsZXI6OkZsYXNoOjpGbGFzaEhh%0Ac2h7AAY6CkB1c2VkewA%3D--8c722a8e171230514d6e4b0f8abe824c5fb2b840
  Parameters: {"action"=>"new", "controller"=>"users"}
Rendering users/new
Completed in 0.00421 (237 reqs/sec) | Rendering: 0.00181 (42%) | DB: 0.00000 (0%) | 200 OK [http://localhost/signup]


Processing SessionsController#new (for 127.0.0.1 at 2007-12-24 16:10:59) [GET]
  Session ID: BAh7BzoMY3NyZl9pZCIlNGI4NzdhZTdhYzQ0YzY1MjQzYWQ0OTQ2Y2JmMDY0%0AODUiCmZsYXNoSUM6J0FjdGlvbkNvbnRyb2xsZXI6OkZsYXNoOjpGbGFzaEhh%0Ac2h7AAY6CkB1c2VkewA%3D--8c722a8e171230514d6e4b0f8abe824c5fb2b840
  Parameters: {"action"=>"new", "controller"=>"sessions"}
Rendering sessions/new
Completed in 0.00420 (237 reqs/sec) | Rendering: 0.00170 (40%) | DB: 0.00000 (0%) | 200 OK [http://localhost/login]


Processing UsersController#new (for 127.0.0.1 at 2007-12-24 16:11:01) [GET]
  Session ID: BAh7BzoMY3NyZl9pZCIlNGI4NzdhZTdhYzQ0YzY1MjQzYWQ0OTQ2Y2JmMDY0%0AODUiCmZsYXNoSUM6J0FjdGlvbkNvbnRyb2xsZXI6OkZsYXNoOjpGbGFzaEhh%0Ac2h7AAY6CkB1c2VkewA%3D--8c722a8e171230514d6e4b0f8abe824c5fb2b840
  Parameters: {"action"=>"new", "controller"=>"users"}
Rendering users/new
Completed in 0.00452 (221 reqs/sec) | Rendering: 0.00196 (43%) | DB: 0.00000 (0%) | 200 OK [http://localhost/signup]
