

Processing ProjectsController#index (for 127.0.0.1 at 2008-01-03 17:16:10) [GET]
  Session ID: 06a9a500e1430375eb15b23f41b5dce4
  Parameters: {"erp"=>"/projects", "action"=>"index", "controller"=>"projects"}


ActiveRecord::StatementInvalid (SQLite3::SQLException: no such table: projects: SELECT * FROM projects   ):
    /Library/Ruby/Gems/1.8/gems/activerecord-2.0.2/lib/active_record/connection_adapters/abstract_adapter.rb:150:in `log'
    /Library/Ruby/Gems/1.8/gems/activerecord-2.0.2/lib/active_record/connection_adapters/sqlite_adapter.rb:132:in `execute'
    /Library/Ruby/Gems/1.8/gems/activerecord-2.0.2/lib/active_record/connection_adapters/sqlite_adapter.rb:345:in `catch_schema_changes'
    /Library/Ruby/Gems/1.8/gems/activerecord-2.0.2/lib/active_record/connection_adapters/sqlite_adapter.rb:132:in `execute'
    /Library/Ruby/Gems/1.8/gems/activerecord-2.0.2/lib/active_record/connection_adapters/sqlite_adapter.rb:256:in `select'
    /Library/Ruby/Gems/1.8/gems/activerecord-2.0.2/lib/active_record/connection_adapters/abstract/database_statements.rb:7:in `select_all_without_query_cache'
    /Library/Ruby/Gems/1.8/gems/activerecord-2.0.2/lib/active_record/connection_adapters/abstract/query_cache.rb:53:in `select_all'
    /Library/Ruby/Gems/1.8/gems/activerecord-2.0.2/lib/active_record/connection_adapters/abstract/query_cache.rb:74:in `cache_sql'
    /Library/Ruby/Gems/1.8/gems/activerecord-2.0.2/lib/active_record/connection_adapters/abstract/query_cache.rb:53:in `select_all'
    /Library/Ruby/Gems/1.8/gems/activerecord-2.0.2/lib/active_record/base.rb:532:in `find_by_sql'
    /Library/Ruby/Gems/1.8/gems/activerecord-2.0.2/lib/active_record/base.rb:1233:in `find_every'
    /Library/Ruby/Gems/1.8/gems/activerecord-2.0.2/lib/active_record/base.rb:503:in `find'
    /vendor/plugins/resources_controller/lib/ardes/resources_controller.rb:805:in `send'
    /vendor/plugins/resources_controller/lib/ardes/resources_controller.rb:805:in `method_missing'
    /vendor/plugins/resources_controller/lib/ardes/resources_controller.rb:809:in `find'
    /vendor/plugins/resources_controller/lib/ardes/resources_controller.rb:563:in `find_resources'
    /vendor/plugins/response_for_resources_controller/lib/ardes/response_for_resources_controller/actions.rb:61:in `index'
    /Library/Ruby/Gems/1.8/gems/actionpack-2.0.2/lib/action_controller/base.rb:1158:in `send'
    /Library/Ruby/Gems/1.8/gems/actionpack-2.0.2/lib/action_controller/base.rb:1158:in `perform_action_without_filters'
    /Library/Ruby/Gems/1.8/gems/actionpack-2.0.2/lib/action_controller/filters.rb:697:in `call_filters'
    /Library/Ruby/Gems/1.8/gems/actionpack-2.0.2/lib/action_controller/filters.rb:689:in `perform_action_without_benchmark'
    /Library/Ruby/Gems/1.8/gems/actionpack-2.0.2/lib/action_controller/benchmarking.rb:68:in `perform_action_without_rescue'
    /System/Library/Frameworks/Ruby.framework/Versions/1.8/usr/lib/ruby/1.8/benchmark.rb:293:in `measure'
    /Library/Ruby/Gems/1.8/gems/actionpack-2.0.2/lib/action_controller/benchmarking.rb:68:in `perform_action_without_rescue'
    /Library/Ruby/Gems/1.8/gems/actionpack-2.0.2/lib/action_controller/rescue.rb:199:in `perform_action_without_caching'
    /Library/Ruby/Gems/1.8/gems/actionpack-2.0.2/lib/action_controller/caching.rb:678:in `perform_action'
    /Library/Ruby/Gems/1.8/gems/activerecord-2.0.2/lib/active_record/connection_adapters/abstract/query_cache.rb:33:in `cache'
    /Library/Ruby/Gems/1.8/gems/activerecord-2.0.2/lib/active_record/query_cache.rb:8:in `cache'
    /Library/Ruby/Gems/1.8/gems/actionpack-2.0.2/lib/action_controller/caching.rb:677:in `perform_action'
    /Library/Ruby/Gems/1.8/gems/actionpack-2.0.2/lib/action_controller/base.rb:524:in `send'
    /Library/Ruby/Gems/1.8/gems/actionpack-2.0.2/lib/action_controller/base.rb:524:in `process_without_filters'
    /Library/Ruby/Gems/1.8/gems/actionpack-2.0.2/lib/action_controller/filters.rb:685:in `process_without_session_management_support'
    /Library/Ruby/Gems/1.8/gems/actionpack-2.0.2/lib/action_controller/session_management.rb:123:in `process'
    /Library/Ruby/Gems/1.8/gems/actionpack-2.0.2/lib/action_controller/base.rb:388:in `process'
    /Library/Ruby/Gems/1.8/gems/actionpack-2.0.2/lib/action_controller/dispatcher.rb:171:in `handle_request'
    /Library/Ruby/Gems/1.8/gems/actionpack-2.0.2/lib/action_controller/dispatcher.rb:115:in `dispatch'
    /Library/Ruby/Gems/1.8/gems/actionpack-2.0.2/lib/action_controller/dispatcher.rb:126:in `dispatch_cgi'
    /Library/Ruby/Gems/1.8/gems/actionpack-2.0.2/lib/action_controller/dispatcher.rb:9:in `dispatch'
    /opt/lsws/fcgi-bin/RailsRunner.rb:24

Rendering /Library/Ruby/Gems/1.8/gems/actionpack-2.0.2/lib/action_controller/templates/rescues/layout.erb (internal_server_error)


Processing ProjectsController#index (for 127.0.0.1 at 2008-01-03 17:16:17) [GET]
  Session ID: BAh7BiIKZmxhc2hJQzonQWN0aW9uQ29udHJvbGxlcjo6Rmxhc2g6OkZsYXNo%0ASGFzaHsABjoKQHVzZWR7AA%3D%3D--d910209f0eec70cf8bdc9e9de08c1d0e66a1b6e8
  Parameters: {"erp"=>"/projects", "action"=>"index", "controller"=>"projects"}


ActiveRecord::StatementInvalid (SQLite3::SQLException: no such table: projects: SELECT * FROM projects   ):
    /Library/Ruby/Gems/1.8/gems/activerecord-2.0.2/lib/active_record/connection_adapters/abstract_adapter.rb:150:in `log'
    /Library/Ruby/Gems/1.8/gems/activerecord-2.0.2/lib/active_record/connection_adapters/sqlite_adapter.rb:132:in `execute'
    /Library/Ruby/Gems/1.8/gems/activerecord-2.0.2/lib/active_record/connection_adapters/sqlite_adapter.rb:345:in `catch_schema_changes'
    /Library/Ruby/Gems/1.8/gems/activerecord-2.0.2/lib/active_record/connection_adapters/sqlite_adapter.rb:132:in `execute'
    /Library/Ruby/Gems/1.8/gems/activerecord-2.0.2/lib/active_record/connection_adapters/sqlite_adapter.rb:256:in `select'
    /Library/Ruby/Gems/1.8/gems/activerecord-2.0.2/lib/active_record/connection_adapters/abstract/database_statements.rb:7:in `select_all_without_query_cache'
    /Library/Ruby/Gems/1.8/gems/activerecord-2.0.2/lib/active_record/connection_adapters/abstract/query_cache.rb:53:in `select_all'
    /Library/Ruby/Gems/1.8/gems/activerecord-2.0.2/lib/active_record/connection_adapters/abstract/query_cache.rb:74:in `cache_sql'
    /Library/Ruby/Gems/1.8/gems/activerecord-2.0.2/lib/active_record/connection_adapters/abstract/query_cache.rb:53:in `select_all'
    /Library/Ruby/Gems/1.8/gems/activerecord-2.0.2/lib/active_record/base.rb:532:in `find_by_sql'
    /Library/Ruby/Gems/1.8/gems/activerecord-2.0.2/lib/active_record/base.rb:1233:in `find_every'
    /Library/Ruby/Gems/1.8/gems/activerecord-2.0.2/lib/active_record/base.rb:503:in `find'
    /vendor/plugins/resources_controller/lib/ardes/resources_controller.rb:805:in `send'
    /vendor/plugins/resources_controller/lib/ardes/resources_controller.rb:805:in `method_missing'
    /vendor/plugins/resources_controller/lib/ardes/resources_controller.rb:809:in `find'
    /vendor/plugins/resources_controller/lib/ardes/resources_controller.rb:563:in `find_resources'
    /vendor/plugins/response_for_resources_controller/lib/ardes/response_for_resources_controller/actions.rb:61:in `index'
    /Library/Ruby/Gems/1.8/gems/actionpack-2.0.2/lib/action_controller/base.rb:1158:in `send'
    /Library/Ruby/Gems/1.8/gems/actionpack-2.0.2/lib/action_controller/base.rb:1158:in `perform_action_without_filters'
    /Library/Ruby/Gems/1.8/gems/actionpack-2.0.2/lib/action_controller/filters.rb:697:in `call_filters'
    /Library/Ruby/Gems/1.8/gems/actionpack-2.0.2/lib/action_controller/filters.rb:689:in `perform_action_without_benchmark'
    /Library/Ruby/Gems/1.8/gems/actionpack-2.0.2/lib/action_controller/benchmarking.rb:68:in `perform_action_without_rescue'
    /System/Library/Frameworks/Ruby.framework/Versions/1.8/usr/lib/ruby/1.8/benchmark.rb:293:in `measure'
    /Library/Ruby/Gems/1.8/gems/actionpack-2.0.2/lib/action_controller/benchmarking.rb:68:in `perform_action_without_rescue'
    /Library/Ruby/Gems/1.8/gems/actionpack-2.0.2/lib/action_controller/rescue.rb:199:in `perform_action_without_caching'
    /Library/Ruby/Gems/1.8/gems/actionpack-2.0.2/lib/action_controller/caching.rb:678:in `perform_action'
    /Library/Ruby/Gems/1.8/gems/activerecord-2.0.2/lib/active_record/connection_adapters/abstract/query_cache.rb:33:in `cache'
    /Library/Ruby/Gems/1.8/gems/activerecord-2.0.2/lib/active_record/query_cache.rb:8:in `cache'
    /Library/Ruby/Gems/1.8/gems/actionpack-2.0.2/lib/action_controller/caching.rb:677:in `perform_action'
    /Library/Ruby/Gems/1.8/gems/actionpack-2.0.2/lib/action_controller/base.rb:524:in `send'
    /Library/Ruby/Gems/1.8/gems/actionpack-2.0.2/lib/action_controller/base.rb:524:in `process_without_filters'
    /Library/Ruby/Gems/1.8/gems/actionpack-2.0.2/lib/action_controller/filters.rb:685:in `process_without_session_management_support'
    /Library/Ruby/Gems/1.8/gems/actionpack-2.0.2/lib/action_controller/session_management.rb:123:in `process'
    /Library/Ruby/Gems/1.8/gems/actionpack-2.0.2/lib/action_controller/base.rb:388:in `process'
    /Library/Ruby/Gems/1.8/gems/actionpack-2.0.2/lib/action_controller/dispatcher.rb:171:in `handle_request'
    /Library/Ruby/Gems/1.8/gems/actionpack-2.0.2/lib/action_controller/dispatcher.rb:115:in `dispatch'
    /Library/Ruby/Gems/1.8/gems/actionpack-2.0.2/lib/action_controller/dispatcher.rb:126:in `dispatch_cgi'
    /Library/Ruby/Gems/1.8/gems/actionpack-2.0.2/lib/action_controller/dispatcher.rb:9:in `dispatch'
    /opt/lsws/fcgi-bin/RailsRunner.rb:24

Rendering /Library/Ruby/Gems/1.8/gems/actionpack-2.0.2/lib/action_controller/templates/rescues/layout.erb (internal_server_error)


Processing ProjectsController#index (for 127.0.0.1 at 2008-01-03 17:16:18) [GET]
  Session ID: BAh7BiIKZmxhc2hJQzonQWN0aW9uQ29udHJvbGxlcjo6Rmxhc2g6OkZsYXNo%0ASGFzaHsABjoKQHVzZWR7AA%3D%3D--d910209f0eec70cf8bdc9e9de08c1d0e66a1b6e8
  Parameters: {"erp"=>"/projects", "action"=>"index", "controller"=>"projects"}


ActiveRecord::StatementInvalid (SQLite3::SQLException: no such table: projects: SELECT * FROM projects   ):
    /Library/Ruby/Gems/1.8/gems/activerecord-2.0.2/lib/active_record/connection_adapters/abstract_adapter.rb:150:in `log'
    /Library/Ruby/Gems/1.8/gems/activerecord-2.0.2/lib/active_record/connection_adapters/sqlite_adapter.rb:132:in `execute'
    /Library/Ruby/Gems/1.8/gems/activerecord-2.0.2/lib/active_record/connection_adapters/sqlite_adapter.rb:345:in `catch_schema_changes'
    /Library/Ruby/Gems/1.8/gems/activerecord-2.0.2/lib/active_record/connection_adapters/sqlite_adapter.rb:132:in `execute'
    /Library/Ruby/Gems/1.8/gems/activerecord-2.0.2/lib/active_record/connection_adapters/sqlite_adapter.rb:256:in `select'
    /Library/Ruby/Gems/1.8/gems/activerecord-2.0.2/lib/active_record/connection_adapters/abstract/database_statements.rb:7:in `select_all_without_query_cache'
    /Library/Ruby/Gems/1.8/gems/activerecord-2.0.2/lib/active_record/connection_adapters/abstract/query_cache.rb:53:in `select_all'
    /Library/Ruby/Gems/1.8/gems/activerecord-2.0.2/lib/active_record/connection_adapters/abstract/query_cache.rb:74:in `cache_sql'
    /Library/Ruby/Gems/1.8/gems/activerecord-2.0.2/lib/active_record/connection_adapters/abstract/query_cache.rb:53:in `select_all'
    /Library/Ruby/Gems/1.8/gems/activerecord-2.0.2/lib/active_record/base.rb:532:in `find_by_sql'
    /Library/Ruby/Gems/1.8/gems/activerecord-2.0.2/lib/active_record/base.rb:1233:in `find_every'
    /Library/Ruby/Gems/1.8/gems/activerecord-2.0.2/lib/active_record/base.rb:503:in `find'
    /vendor/plugins/resources_controller/lib/ardes/resources_controller.rb:805:in `send'
    /vendor/plugins/resources_controller/lib/ardes/resources_controller.rb:805:in `method_missing'
    /vendor/plugins/resources_controller/lib/ardes/resources_controller.rb:809:in `find'
    /vendor/plugins/resources_controller/lib/ardes/resources_controller.rb:563:in `find_resources'
    /vendor/plugins/response_for_resources_controller/lib/ardes/response_for_resources_controller/actions.rb:61:in `index'
    /Library/Ruby/Gems/1.8/gems/actionpack-2.0.2/lib/action_controller/base.rb:1158:in `send'
    /Library/Ruby/Gems/1.8/gems/actionpack-2.0.2/lib/action_controller/base.rb:1158:in `perform_action_without_filters'
    /Library/Ruby/Gems/1.8/gems/actionpack-2.0.2/lib/action_controller/filters.rb:697:in `call_filters'
    /Library/Ruby/Gems/1.8/gems/actionpack-2.0.2/lib/action_controller/filters.rb:689:in `perform_action_without_benchmark'
    /Library/Ruby/Gems/1.8/gems/actionpack-2.0.2/lib/action_controller/benchmarking.rb:68:in `perform_action_without_rescue'
    /System/Library/Frameworks/Ruby.framework/Versions/1.8/usr/lib/ruby/1.8/benchmark.rb:293:in `measure'
    /Library/Ruby/Gems/1.8/gems/actionpack-2.0.2/lib/action_controller/benchmarking.rb:68:in `perform_action_without_rescue'
    /Library/Ruby/Gems/1.8/gems/actionpack-2.0.2/lib/action_controller/rescue.rb:199:in `perform_action_without_caching'
    /Library/Ruby/Gems/1.8/gems/actionpack-2.0.2/lib/action_controller/caching.rb:678:in `perform_action'
    /Library/Ruby/Gems/1.8/gems/activerecord-2.0.2/lib/active_record/connection_adapters/abstract/query_cache.rb:33:in `cache'
    /Library/Ruby/Gems/1.8/gems/activerecord-2.0.2/lib/active_record/query_cache.rb:8:in `cache'
    /Library/Ruby/Gems/1.8/gems/actionpack-2.0.2/lib/action_controller/caching.rb:677:in `perform_action'
    /Library/Ruby/Gems/1.8/gems/actionpack-2.0.2/lib/action_controller/base.rb:524:in `send'
    /Library/Ruby/Gems/1.8/gems/actionpack-2.0.2/lib/action_controller/base.rb:524:in `process_without_filters'
    /Library/Ruby/Gems/1.8/gems/actionpack-2.0.2/lib/action_controller/filters.rb:685:in `process_without_session_management_support'
    /Library/Ruby/Gems/1.8/gems/actionpack-2.0.2/lib/action_controller/session_management.rb:123:in `process'
    /Library/Ruby/Gems/1.8/gems/actionpack-2.0.2/lib/action_controller/base.rb:388:in `process'
    /Library/Ruby/Gems/1.8/gems/actionpack-2.0.2/lib/action_controller/dispatcher.rb:171:in `handle_request'
    /Library/Ruby/Gems/1.8/gems/actionpack-2.0.2/lib/action_controller/dispatcher.rb:115:in `dispatch'
    /Library/Ruby/Gems/1.8/gems/actionpack-2.0.2/lib/action_controller/dispatcher.rb:126:in `dispatch_cgi'
    /Library/Ruby/Gems/1.8/gems/actionpack-2.0.2/lib/action_controller/dispatcher.rb:9:in `dispatch'
    /opt/lsws/fcgi-bin/RailsRunner.rb:24

Rendering /Library/Ruby/Gems/1.8/gems/actionpack-2.0.2/lib/action_controller/templates/rescues/layout.erb (internal_server_error)


Processing ProjectsController#index (for 127.0.0.1 at 2008-01-03 17:16:37) [GET]
  Session ID: BAh7BiIKZmxhc2hJQzonQWN0aW9uQ29udHJvbGxlcjo6Rmxhc2g6OkZsYXNo%0ASGFzaHsABjoKQHVzZWR7AA%3D%3D--d910209f0eec70cf8bdc9e9de08c1d0e66a1b6e8
  Parameters: {"erp"=>"/projects", "action"=>"index", "controller"=>"projects"}


ActiveRecord::StatementInvalid (SQLite3::SchemaChangedException: no such table: projects: SELECT * FROM projects   ):
    /Library/Ruby/Gems/1.8/gems/activerecord-2.0.2/lib/active_record/connection_adapters/abstract_adapter.rb:150:in `log'
    /Library/Ruby/Gems/1.8/gems/activerecord-2.0.2/lib/active_record/connection_adapters/sqlite_adapter.rb:132:in `execute'
    /Library/Ruby/Gems/1.8/gems/activerecord-2.0.2/lib/active_record/connection_adapters/sqlite_adapter.rb:345:in `catch_schema_changes'
    /Library/Ruby/Gems/1.8/gems/activerecord-2.0.2/lib/active_record/connection_adapters/sqlite_adapter.rb:132:in `execute'
    /Library/Ruby/Gems/1.8/gems/activerecord-2.0.2/lib/active_record/connection_adapters/sqlite_adapter.rb:256:in `select'
    /Library/Ruby/Gems/1.8/gems/activerecord-2.0.2/lib/active_record/connection_adapters/abstract/database_statements.rb:7:in `select_all_without_query_cache'
    /Library/Ruby/Gems/1.8/gems/activerecord-2.0.2/lib/active_record/connection_adapters/abstract/query_cache.rb:53:in `select_all'
    /Library/Ruby/Gems/1.8/gems/activerecord-2.0.2/lib/active_record/connection_adapters/abstract/query_cache.rb:74:in `cache_sql'
    /Library/Ruby/Gems/1.8/gems/activerecord-2.0.2/lib/active_record/connection_adapters/abstract/query_cache.rb:53:in `select_all'
    /Library/Ruby/Gems/1.8/gems/activerecord-2.0.2/lib/active_record/base.rb:532:in `find_by_sql'
    /Library/Ruby/Gems/1.8/gems/activerecord-2.0.2/lib/active_record/base.rb:1233:in `find_every'
    /Library/Ruby/Gems/1.8/gems/activerecord-2.0.2/lib/active_record/base.rb:503:in `find'
    /vendor/plugins/resources_controller/lib/ardes/resources_controller.rb:805:in `send'
    /vendor/plugins/resources_controller/lib/ardes/resources_controller.rb:805:in `method_missing'
    /vendor/plugins/resources_controller/lib/ardes/resources_controller.rb:809:in `find'
    /vendor/plugins/resources_controller/lib/ardes/resources_controller.rb:563:in `find_resources'
    /vendor/plugins/response_for_resources_controller/lib/ardes/response_for_resources_controller/actions.rb:61:in `index'
    /Library/Ruby/Gems/1.8/gems/actionpack-2.0.2/lib/action_controller/base.rb:1158:in `send'
    /Library/Ruby/Gems/1.8/gems/actionpack-2.0.2/lib/action_controller/base.rb:1158:in `perform_action_without_filters'
    /Library/Ruby/Gems/1.8/gems/actionpack-2.0.2/lib/action_controller/filters.rb:697:in `call_filters'
    /Library/Ruby/Gems/1.8/gems/actionpack-2.0.2/lib/action_controller/filters.rb:689:in `perform_action_without_benchmark'
    /Library/Ruby/Gems/1.8/gems/actionpack-2.0.2/lib/action_controller/benchmarking.rb:68:in `perform_action_without_rescue'
    /System/Library/Frameworks/Ruby.framework/Versions/1.8/usr/lib/ruby/1.8/benchmark.rb:293:in `measure'
    /Library/Ruby/Gems/1.8/gems/actionpack-2.0.2/lib/action_controller/benchmarking.rb:68:in `perform_action_without_rescue'
    /Library/Ruby/Gems/1.8/gems/actionpack-2.0.2/lib/action_controller/rescue.rb:199:in `perform_action_without_caching'
    /Library/Ruby/Gems/1.8/gems/actionpack-2.0.2/lib/action_controller/caching.rb:678:in `perform_action'
    /Library/Ruby/Gems/1.8/gems/activerecord-2.0.2/lib/active_record/connection_adapters/abstract/query_cache.rb:33:in `cache'
    /Library/Ruby/Gems/1.8/gems/activerecord-2.0.2/lib/active_record/query_cache.rb:8:in `cache'
    /Library/Ruby/Gems/1.8/gems/actionpack-2.0.2/lib/action_controller/caching.rb:677:in `perform_action'
    /Library/Ruby/Gems/1.8/gems/actionpack-2.0.2/lib/action_controller/base.rb:524:in `send'
    /Library/Ruby/Gems/1.8/gems/actionpack-2.0.2/lib/action_controller/base.rb:524:in `process_without_filters'
    /Library/Ruby/Gems/1.8/gems/actionpack-2.0.2/lib/action_controller/filters.rb:685:in `process_without_session_management_support'
    /Library/Ruby/Gems/1.8/gems/actionpack-2.0.2/lib/action_controller/session_management.rb:123:in `process'
    /Library/Ruby/Gems/1.8/gems/actionpack-2.0.2/lib/action_controller/base.rb:388:in `process'
    /Library/Ruby/Gems/1.8/gems/actionpack-2.0.2/lib/action_controller/dispatcher.rb:171:in `handle_request'
    /Library/Ruby/Gems/1.8/gems/actionpack-2.0.2/lib/action_controller/dispatcher.rb:115:in `dispatch'
    /Library/Ruby/Gems/1.8/gems/actionpack-2.0.2/lib/action_controller/dispatcher.rb:126:in `dispatch_cgi'
    /Library/Ruby/Gems/1.8/gems/actionpack-2.0.2/lib/action_controller/dispatcher.rb:9:in `dispatch'
    /opt/lsws/fcgi-bin/RailsRunner.rb:24

Rendering /Library/Ruby/Gems/1.8/gems/actionpack-2.0.2/lib/action_controller/templates/rescues/layout.erb (internal_server_error)


Processing ProjectsController#index (for 127.0.0.1 at 2008-01-03 17:16:38) [GET]
  Session ID: BAh7BiIKZmxhc2hJQzonQWN0aW9uQ29udHJvbGxlcjo6Rmxhc2g6OkZsYXNo%0ASGFzaHsABjoKQHVzZWR7AA%3D%3D--d910209f0eec70cf8bdc9e9de08c1d0e66a1b6e8
  Parameters: {"erp"=>"/projects", "action"=>"index", "controller"=>"projects"}
Rendering template within layouts/application
Rendering projects/index
Completed in 0.05707 (17 reqs/sec) | Rendering: 0.05364 (93%) | DB: 0.00000 (0%) | 200 OK [http://slate.local.host/]


Processing StylesheetsController#base (for 127.0.0.1 at 2008-01-03 17:16:39) [GET]
  Parameters: {"format"=>"css", "action"=>"base", "controller"=>"stylesheets"}
Rendering stylesheets/base
Completed in 0.05123 (19 reqs/sec) | Rendering: 0.04705 (91%) | DB: 0.00000 (0%) | 200 OK [http://slate.local.host/stylesheets/base.css]


Processing ProjectsController#index (for 127.0.0.1 at 2008-01-03 17:16:40) [GET]
  Session ID: BAh7BiIKZmxhc2hJQzonQWN0aW9uQ29udHJvbGxlcjo6Rmxhc2g6OkZsYXNo%0ASGFzaHsABjoKQHVzZWR7AA%3D%3D--d910209f0eec70cf8bdc9e9de08c1d0e66a1b6e8
  Parameters: {"erp"=>"/projects", "action"=>"index", "controller"=>"projects"}
Rendering template within layouts/application
Rendering projects/index
Completed in 0.00444 (225 reqs/sec) | Rendering: 0.00199 (44%) | DB: 0.00000 (0%) | 200 OK [http://slate.local.host/]


Processing TicketsController#index (for 127.0.0.1 at 2008-01-03 17:16:41) [GET]
  Session ID: BAh7BiIKZmxhc2hJQzonQWN0aW9uQ29udHJvbGxlcjo6Rmxhc2g6OkZsYXNo%0ASGFzaHsABjoKQHVzZWR7AA%3D%3D--d910209f0eec70cf8bdc9e9de08c1d0e66a1b6e8
  Parameters: {"action"=>"index", "controller"=>"tickets"}
Rendering template within layouts/application
Rendering tickets/index
Completed in 0.07823 (12 reqs/sec) | Rendering: 0.07213 (92%) | DB: 0.00000 (0%) | 200 OK [http://slate.local.host/tickets]


Processing TicketsController#show (for 127.0.0.1 at 2008-01-03 17:16:43) [GET]
  Session ID: BAh7BiIKZmxhc2hJQzonQWN0aW9uQ29udHJvbGxlcjo6Rmxhc2g6OkZsYXNo%0ASGFzaHsABjoKQHVzZWR7AA%3D%3D--d910209f0eec70cf8bdc9e9de08c1d0e66a1b6e8
  Parameters: {"project_id"=>"1-gnat", "action"=>"show", "id"=>"1", "controller"=>"tickets"}
Rendering template within layouts/application
Rendering tickets/show
Completed in 0.06665 (15 reqs/sec) | Rendering: 0.06262 (93%) | DB: 0.00000 (0%) | 200 OK [http://slate.local.host/projects/1-gnat/tickets/1]


Processing ProjectsController#index (for 127.0.0.1 at 2008-01-03 17:16:52) [GET]
  Session ID: BAh7BzoMY3NyZl9pZCIlZDNjZmJjMTJiNjYwZDUxYzcxYjE1YTI1NDc2N2Q0%0AYzUiCmZsYXNoSUM6J0FjdGlvbkNvbnRyb2xsZXI6OkZsYXNoOjpGbGFzaEhh%0Ac2h7AAY6CkB1c2VkewA%3D--3445e51279288fe0b4b303befd97a33698184b44
  Parameters: {"action"=>"index", "controller"=>"projects"}
Rendering template within layouts/application
Rendering projects/index
Completed in 0.00515 (194 reqs/sec) | Rendering: 0.00247 (47%) | DB: 0.00000 (0%) | 200 OK [http://slate.local.host/projects]


Processing ProjectsController#show (for 127.0.0.1 at 2008-01-03 17:16:53) [GET]
  Session ID: BAh7BzoMY3NyZl9pZCIlZDNjZmJjMTJiNjYwZDUxYzcxYjE1YTI1NDc2N2Q0%0AYzUiCmZsYXNoSUM6J0FjdGlvbkNvbnRyb2xsZXI6OkZsYXNoOjpGbGFzaEhh%0Ac2h7AAY6CkB1c2VkewA%3D--3445e51279288fe0b4b303befd97a33698184b44
  Parameters: {"action"=>"show", "id"=>"2-slate", "controller"=>"projects"}
Redirected to http://slate.local.host:8080/projects/2-slate/tickets
Completed in 0.00099 (1012 reqs/sec) | DB: 0.00000 (0%) | 302 Found [http://slate.local.host/projects/2-slate]


Processing TicketsController#index (for 127.0.0.1 at 2008-01-03 17:16:53) [GET]
  Session ID: BAh7BzoMY3NyZl9pZCIlZDNjZmJjMTJiNjYwZDUxYzcxYjE1YTI1NDc2N2Q0%0AYzUiCmZsYXNoSUM6J0FjdGlvbkNvbnRyb2xsZXI6OkZsYXNoOjpGbGFzaEhh%0Ac2h7AAY6CkB1c2VkewA%3D--3445e51279288fe0b4b303befd97a33698184b44
  Parameters: {"project_id"=>"2-slate", "action"=>"index", "controller"=>"tickets"}
Rendering template within layouts/application
Rendering tickets/index
Completed in 0.01011 (98 reqs/sec) | Rendering: 0.00696 (68%) | DB: 0.00000 (0%) | 200 OK [http://slate.local.host/projects/2-slate/tickets]


Processing TicketsController#show (for 127.0.0.1 at 2008-01-03 17:16:55) [GET]
  Session ID: BAh7BzoMY3NyZl9pZCIlZDNjZmJjMTJiNjYwZDUxYzcxYjE1YTI1NDc2N2Q0%0AYzUiCmZsYXNoSUM6J0FjdGlvbkNvbnRyb2xsZXI6OkZsYXNoOjpGbGFzaEhh%0Ac2h7AAY6CkB1c2VkewA%3D--3445e51279288fe0b4b303befd97a33698184b44
  Parameters: {"project_id"=>"2-slate", "action"=>"show", "id"=>"5", "controller"=>"tickets"}
Rendering template within layouts/application
Rendering tickets/show


ActionView::TemplateError (undefined method `developer?' for :false:Symbol) on line #43 of tickets/show.html.erb:
40:         <% if resource.closed? %>
41:           <%= form.radio_button :status, 'open', :id => 'status-open' %> 
42:             <label for="status-open">Re-open</label>
43:         <% elsif current_user.developer? %>
44:           <% if resource.new? %>
45:             <%= form.radio_button :status, 'open', :id => 'status-open' %> 
46:               <label for="status-open">Accept</label>

    app/views/tickets/show.html.erb:43:in `_run_erb_47app47views47tickets47show46html46erb'
    /Library/Ruby/Gems/1.8/gems/actionpack-2.0.2/lib/action_view/helpers/form_helper.rb:248:in `fields_for'
    /Library/Ruby/Gems/1.8/gems/actionpack-2.0.2/lib/action_view/helpers/form_helper.rb:184:in `form_for'
    vendor/plugins/resources_controller/lib/ardes/resources_controller/helper.rb:74:in `form_for_resource'
    app/views/tickets/show.html.erb:23:in `_run_erb_47app47views47tickets47show46html46erb'
    /Library/Ruby/Gems/1.8/gems/actionpack-2.0.2/lib/action_view/base.rb:637:in `send'
    /Library/Ruby/Gems/1.8/gems/actionpack-2.0.2/lib/action_view/base.rb:637:in `compile_and_render_template'
    /Library/Ruby/Gems/1.8/gems/actionpack-2.0.2/lib/action_view/base.rb:365:in `render_template'
    /Library/Ruby/Gems/1.8/gems/actionpack-2.0.2/lib/action_view/base.rb:316:in `render_file'
    /Library/Ruby/Gems/1.8/gems/actionpack-2.0.2/lib/action_controller/base.rb:1100:in `render_for_file'
    /Library/Ruby/Gems/1.8/gems/actionpack-2.0.2/lib/action_controller/base.rb:858:in `render_with_no_layout'
    /Library/Ruby/Gems/1.8/gems/actionpack-2.0.2/lib/action_controller/base.rb:872:in `render_with_no_layout'
    /Library/Ruby/Gems/1.8/gems/actionpack-2.0.2/lib/action_controller/layout.rb:262:in `render_without_benchmark'
    /Library/Ruby/Gems/1.8/gems/actionpack-2.0.2/lib/action_controller/benchmarking.rb:51:in `render_without_response_for'
    /System/Library/Frameworks/Ruby.framework/Versions/1.8/usr/lib/ruby/1.8/benchmark.rb:293:in `measure'
    /Library/Ruby/Gems/1.8/gems/actionpack-2.0.2/lib/action_controller/benchmarking.rb:51:in `render_without_response_for'
    vendor/plugins/response_for/lib/ardes/response_for.rb:169:in `render'
    /Library/Ruby/Gems/1.8/gems/actionpack-2.0.2/lib/action_controller/mime_responds.rb:131:in `send'
    /Library/Ruby/Gems/1.8/gems/actionpack-2.0.2/lib/action_controller/mime_responds.rb:131:in `custom'
    /Library/Ruby/Gems/1.8/gems/actionpack-2.0.2/lib/action_controller/mime_responds.rb:156:in `call'
    /Library/Ruby/Gems/1.8/gems/actionpack-2.0.2/lib/action_controller/mime_responds.rb:156:in `respond'
    /Library/Ruby/Gems/1.8/gems/actionpack-2.0.2/lib/action_controller/mime_responds.rb:150:in `each'
    /Library/Ruby/Gems/1.8/gems/actionpack-2.0.2/lib/action_controller/mime_responds.rb:150:in `respond'
    /Library/Ruby/Gems/1.8/gems/actionpack-2.0.2/lib/action_controller/mime_responds.rb:107:in `respond_to_without_response_for'
    vendor/plugins/response_for/lib/ardes/response_for.rb:139:in `respond_to'
    vendor/plugins/response_for/lib/ardes/response_for.rb:166:in `render'
    /Library/Ruby/Gems/1.8/gems/actionpack-2.0.2/lib/action_controller/base.rb:1153:in `default_render'
    /Library/Ruby/Gems/1.8/gems/actionpack-2.0.2/lib/action_controller/base.rb:1159:in `perform_action_without_filters'
    /Library/Ruby/Gems/1.8/gems/actionpack-2.0.2/lib/action_controller/filters.rb:697:in `call_filters'
    /Library/Ruby/Gems/1.8/gems/actionpack-2.0.2/lib/action_controller/filters.rb:689:in `perform_action_without_benchmark'
    /Library/Ruby/Gems/1.8/gems/actionpack-2.0.2/lib/action_controller/benchmarking.rb:68:in `perform_action_without_rescue'
    /System/Library/Frameworks/Ruby.framework/Versions/1.8/usr/lib/ruby/1.8/benchmark.rb:293:in `measure'
    /Library/Ruby/Gems/1.8/gems/actionpack-2.0.2/lib/action_controller/benchmarking.rb:68:in `perform_action_without_rescue'
    /Library/Ruby/Gems/1.8/gems/actionpack-2.0.2/lib/action_controller/rescue.rb:199:in `perform_action_without_caching'
    /Library/Ruby/Gems/1.8/gems/actionpack-2.0.2/lib/action_controller/caching.rb:678:in `perform_action'
    /Library/Ruby/Gems/1.8/gems/activerecord-2.0.2/lib/active_record/connection_adapters/abstract/query_cache.rb:33:in `cache'
    /Library/Ruby/Gems/1.8/gems/activerecord-2.0.2/lib/active_record/query_cache.rb:8:in `cache'
    /Library/Ruby/Gems/1.8/gems/actionpack-2.0.2/lib/action_controller/caching.rb:677:in `perform_action'
    /Library/Ruby/Gems/1.8/gems/actionpack-2.0.2/lib/action_controller/base.rb:524:in `send'
    /Library/Ruby/Gems/1.8/gems/actionpack-2.0.2/lib/action_controller/base.rb:524:in `process_without_filters'
    /Library/Ruby/Gems/1.8/gems/actionpack-2.0.2/lib/action_controller/filters.rb:685:in `process_without_session_management_support'
    /Library/Ruby/Gems/1.8/gems/actionpack-2.0.2/lib/action_controller/session_management.rb:123:in `process'
    /Library/Ruby/Gems/1.8/gems/actionpack-2.0.2/lib/action_controller/base.rb:388:in `process'
    /Library/Ruby/Gems/1.8/gems/actionpack-2.0.2/lib/action_controller/dispatcher.rb:171:in `handle_request'
    /Library/Ruby/Gems/1.8/gems/actionpack-2.0.2/lib/action_controller/dispatcher.rb:115:in `dispatch'
    /Library/Ruby/Gems/1.8/gems/actionpack-2.0.2/lib/action_controller/dispatcher.rb:126:in `dispatch_cgi'
    /Library/Ruby/Gems/1.8/gems/actionpack-2.0.2/lib/action_controller/dispatcher.rb:9:in `dispatch'
    /opt/lsws/fcgi-bin/RailsRunner.rb:24

Rendering /Library/Ruby/Gems/1.8/gems/actionpack-2.0.2/lib/action_controller/templates/rescues/layout.erb (internal_server_error)
